{"/Users/apple/Documents/ReactNative/Freelandcer/bitnation/pangea-cli/src/general.js": {"path":"/Users/apple/Documents/ReactNative/Freelandcer/bitnation/pangea-cli/src/general.js","statementMap":{"0":{"start":{"line":1,"column":13},"end":{"line":1,"column":0}},"1":{"start":{"line":2,"column":15},"end":{"line":2,"column":0}},"2":{"start":{"line":3,"column":14},"end":{"line":3,"column":0}},"3":{"start":{"line":4,"column":27},"end":{"line":4,"column":0}},"4":{"start":{"line":5,"column":0},"end":{"line":null,"column":-1}},"5":{"start":{"line":7,"column":27},"end":{"line":7,"column":0}},"6":{"start":{"line":8,"column":2},"end":{"line":null,"column":-1}},"7":{"start":{"line":11,"column":22},"end":{"line":11,"column":0}},"8":{"start":{"line":12,"column":2},"end":{"line":null,"column":-1}},"9":{"start":{"line":13,"column":4},"end":{"line":null,"column":-1}},"10":{"start":{"line":20,"column":6},"end":{"line":null,"column":-1}},"11":{"start":{"line":25,"column":25},"end":{"line":25,"column":0}},"12":{"start":{"line":26,"column":14},"end":{"line":26,"column":2}},"13":{"start":{"line":27,"column":2},"end":{"line":null,"column":-1}},"14":{"start":{"line":30,"column":27},"end":{"line":30,"column":0}},"15":{"start":{"line":31,"column":25},"end":{"line":31,"column":2}},"16":{"start":{"line":32,"column":2},"end":{"line":33,"column":7}},"17":{"start":{"line":32,"column":18},"end":{"line":32,"column":2}},"18":{"start":{"line":33,"column":7},"end":{"line":null,"column":-1}},"19":{"start":{"line":34,"column":20},"end":{"line":34,"column":2}},"20":{"start":{"line":35,"column":22},"end":{"line":35,"column":2}},"21":{"start":{"line":36,"column":17},"end":{"line":36,"column":2}},"22":{"start":{"line":37,"column":25},"end":{"line":37,"column":2}},"23":{"start":{"line":38,"column":23},"end":{"line":38,"column":2}},"24":{"start":{"line":39,"column":2},"end":{"line":null,"column":-1}},"25":{"start":{"line":45,"column":25},"end":{"line":45,"column":0}},"26":{"start":{"line":46,"column":19},"end":{"line":46,"column":2}},"27":{"start":{"line":47,"column":23},"end":{"line":47,"column":2}},"28":{"start":{"line":48,"column":23},"end":{"line":48,"column":2}},"29":{"start":{"line":49,"column":20},"end":{"line":49,"column":2}},"30":{"start":{"line":50,"column":22},"end":{"line":50,"column":2}},"31":{"start":{"line":52,"column":25},"end":{"line":52,"column":2}},"32":{"start":{"line":53,"column":17},"end":{"line":53,"column":2}},"33":{"start":{"line":54,"column":25},"end":{"line":54,"column":2}},"34":{"start":{"line":55,"column":18},"end":{"line":55,"column":2}},"35":{"start":{"line":56,"column":2},"end":{"line":null,"column":-1}},"36":{"start":{"line":57,"column":2},"end":{"line":null,"column":-1}},"37":{"start":{"line":58,"column":2},"end":{"line":null,"column":-1}},"38":{"start":{"line":59,"column":2},"end":{"line":null,"column":-1}},"39":{"start":{"line":60,"column":2},"end":{"line":63,"column":3}},"40":{"start":{"line":61,"column":4},"end":{"line":null,"column":-1}},"41":{"start":{"line":62,"column":4},"end":{"line":null,"column":-1}},"42":{"start":{"line":64,"column":2},"end":{"line":null,"column":-1}},"43":{"start":{"line":67,"column":0},"end":{"line":null,"column":-1}}},"fnMap":{"0":{"name":"(anonymous_0)","decl":{"start":{"line":7,"column":27},"end":{"line":7,"column":32}},"loc":{"start":{"line":7,"column":33},"end":{"line":7,"column":0}}},"1":{"name":"(anonymous_1)","decl":{"start":{"line":11,"column":22},"end":{"line":11,"column":20}},"loc":{"start":{"line":11,"column":35},"end":{"line":11,"column":0}}},"2":{"name":"(anonymous_2)","decl":{"start":{"line":12,"column":22},"end":{"line":12,"column":20}},"loc":{"start":{"line":12,"column":34},"end":{"line":12,"column":9}}},"3":{"name":"(anonymous_3)","decl":{"start":{"line":19,"column":8},"end":{"line":19,"column":6}},"loc":{"start":{"line":19,"column":23},"end":{"line":13,"column":4}}},"4":{"name":"(anonymous_4)","decl":{"start":{"line":25,"column":25},"end":{"line":25,"column":31}},"loc":{"start":{"line":25,"column":45},"end":{"line":25,"column":0}}},"5":{"name":"(anonymous_5)","decl":{"start":{"line":30,"column":27},"end":{"line":30,"column":33}},"loc":{"start":{"line":30,"column":59},"end":{"line":30,"column":0}}},"6":{"name":"(anonymous_6)","decl":{"start":{"line":45,"column":25},"end":{"line":45,"column":31}},"loc":{"start":{"line":45,"column":55},"end":{"line":45,"column":0}}}},"branchMap":{"0":{"loc":{"start":{"line":32,"column":2},"end":{"line":33,"column":7}},"type":"if","locations":[{"start":{"line":32,"column":2},"end":{"line":33,"column":7}},{"start":{"line":32,"column":2},"end":{"line":33,"column":7}}]},"1":{"loc":{"start":{"line":60,"column":2},"end":{"line":63,"column":3}},"type":"if","locations":[{"start":{"line":60,"column":2},"end":{"line":63,"column":3}},{"start":{"line":60,"column":2},"end":{"line":63,"column":3}}]}},"s":{"0":0,"1":0,"2":0,"3":0,"4":0,"5":0,"6":0,"7":0,"8":0,"9":0,"10":0,"11":0,"12":0,"13":0,"14":0,"15":0,"16":0,"17":0,"18":0,"19":0,"20":0,"21":0,"22":0,"23":0,"24":0,"25":0,"26":0,"27":0,"28":0,"29":0,"30":0,"31":0,"32":0,"33":0,"34":0,"35":0,"36":0,"37":0,"38":0,"39":0,"40":0,"41":0,"42":0,"43":0},"f":{"0":0,"1":0,"2":0,"3":0,"4":0,"5":0,"6":0},"b":{"0":[0,0],"1":[0,0]}}
,"/Users/apple/Documents/ReactNative/Freelandcer/bitnation/pangea-cli/src/global.js": {"path":"/Users/apple/Documents/ReactNative/Freelandcer/bitnation/pangea-cli/src/global.js","statementMap":{"0":{"start":{"line":1,"column":0},"end":{"line":null,"column":-1}}},"fnMap":{},"branchMap":{},"s":{"0":0},"f":{},"b":{}}
,"/Users/apple/Documents/ReactNative/Freelandcer/bitnation/pangea-cli/src/handlefile.js": {"path":"/Users/apple/Documents/ReactNative/Freelandcer/bitnation/pangea-cli/src/handlefile.js","statementMap":{"0":{"start":{"line":1,"column":11},"end":{"line":1,"column":0}},"1":{"start":{"line":3,"column":25},"end":{"line":3,"column":0}},"2":{"start":{"line":4,"column":2},"end":{"line":null,"column":-1}},"3":{"start":{"line":7,"column":30},"end":{"line":7,"column":0}},"4":{"start":{"line":8,"column":19},"end":{"line":8,"column":2}},"5":{"start":{"line":9,"column":12},"end":{"line":9,"column":2}},"6":{"start":{"line":10,"column":2},"end":{"line":null,"column":-1}},"7":{"start":{"line":11,"column":2},"end":{"line":null,"column":-1}},"8":{"start":{"line":14,"column":20},"end":{"line":14,"column":0}},"9":{"start":{"line":15,"column":13},"end":{"line":15,"column":2}},"10":{"start":{"line":16,"column":15},"end":{"line":16,"column":2}},"11":{"start":{"line":17,"column":2},"end":{"line":18,"column":7}},"12":{"start":{"line":17,"column":12},"end":{"line":17,"column":2}},"13":{"start":{"line":18,"column":7},"end":{"line":null,"column":-1}},"14":{"start":{"line":19,"column":2},"end":{"line":null,"column":-1}},"15":{"start":{"line":20,"column":2},"end":{"line":null,"column":-1}},"16":{"start":{"line":21,"column":2},"end":{"line":null,"column":-1}},"17":{"start":{"line":22,"column":2},"end":{"line":null,"column":-1}},"18":{"start":{"line":25,"column":24},"end":{"line":25,"column":0}},"19":{"start":{"line":26,"column":19},"end":{"line":26,"column":2}},"20":{"start":{"line":27,"column":21},"end":{"line":27,"column":2}},"21":{"start":{"line":28,"column":2},"end":{"line":null,"column":-1}},"22":{"start":{"line":31,"column":0},"end":{"line":null,"column":-1}}},"fnMap":{"0":{"name":"(anonymous_0)","decl":{"start":{"line":3,"column":25},"end":{"line":3,"column":23}},"loc":{"start":{"line":3,"column":34},"end":{"line":3,"column":0}}},"1":{"name":"(anonymous_1)","decl":{"start":{"line":7,"column":30},"end":{"line":7,"column":28}},"loc":{"start":{"line":7,"column":39},"end":{"line":7,"column":0}}},"2":{"name":"(anonymous_2)","decl":{"start":{"line":14,"column":20},"end":{"line":14,"column":21}},"loc":{"start":{"line":14,"column":46},"end":{"line":14,"column":0}}},"3":{"name":"(anonymous_3)","decl":{"start":{"line":25,"column":24},"end":{"line":25,"column":22}},"loc":{"start":{"line":25,"column":37},"end":{"line":25,"column":0}}}},"branchMap":{"0":{"loc":{"start":{"line":17,"column":2},"end":{"line":18,"column":7}},"type":"if","locations":[{"start":{"line":17,"column":2},"end":{"line":18,"column":7}},{"start":{"line":17,"column":2},"end":{"line":18,"column":7}}]}},"s":{"0":0,"1":0,"2":0,"3":0,"4":0,"5":0,"6":0,"7":0,"8":0,"9":0,"10":0,"11":0,"12":0,"13":0,"14":0,"15":0,"16":0,"17":0,"18":0,"19":0,"20":0,"21":0,"22":0},"f":{"0":0,"1":0,"2":0,"3":0},"b":{"0":[0,0]}}
,"/Users/apple/Documents/ReactNative/Freelandcer/bitnation/pangea-cli/src/sum.js": {"path":"/Users/apple/Documents/ReactNative/Freelandcer/bitnation/pangea-cli/src/sum.js","statementMap":{"0":{"start":{"line":1,"column":0},"end":{"line":1,"column":33}},"1":{"start":{"line":1,"column":27},"end":{"line":1,"column":32}}},"fnMap":{"0":{"name":"(anonymous_0)","decl":{"start":{"line":1,"column":17},"end":{"line":1,"column":18}},"loc":{"start":{"line":1,"column":27},"end":{"line":1,"column":32}},"line":1}},"branchMap":{},"s":{"0":1,"1":1},"f":{"0":1},"b":{},"_coverageSchema":"332fd63041d2c1bcb487cc26dd0d5f7d97098a6c","hash":"aa5c9125a52abe9fa2a29646b5833ea2f902b7bd"}
,"/Users/apple/Documents/ReactNative/Freelandcer/bitnation/pangea-cli/src/utils/validate.js": {"path":"/Users/apple/Documents/ReactNative/Freelandcer/bitnation/pangea-cli/src/utils/validate.js","statementMap":{"0":{"start":{"line":1,"column":22},"end":{"line":1,"column":0}},"1":{"start":{"line":2,"column":14},"end":{"line":2,"column":2}},"2":{"start":{"line":3,"column":2},"end":{"line":5,"column":3}},"3":{"start":{"line":4,"column":4},"end":{"line":null,"column":-1}},"4":{"start":{"line":6,"column":2},"end":{"line":null,"column":-1}},"5":{"start":{"line":9,"column":0},"end":{"line":null,"column":-1}}},"fnMap":{"0":{"name":"(anonymous_0)","decl":{"start":{"line":1,"column":22},"end":{"line":1,"column":20}},"loc":{"start":{"line":1,"column":31},"end":{"line":1,"column":0}}}},"branchMap":{"0":{"loc":{"start":{"line":3,"column":2},"end":{"line":5,"column":3}},"type":"if","locations":[{"start":{"line":3,"column":2},"end":{"line":5,"column":3}},{"start":{"line":3,"column":2},"end":{"line":5,"column":3}}]}},"s":{"0":0,"1":0,"2":0,"3":0,"4":0,"5":0},"f":{"0":0},"b":{"0":[0,0]}}
}
