{"/Users/apple/Documents/ReactNative/Freelandcer/bitnation/pangea-cli/src/general.js": {"path":"/Users/apple/Documents/ReactNative/Freelandcer/bitnation/pangea-cli/src/general.js","statementMap":{"0":{"start":{"line":1,"column":13},"end":{"line":1,"column":33}},"1":{"start":{"line":2,"column":15},"end":{"line":2,"column":38}},"2":{"start":{"line":3,"column":14},"end":{"line":3,"column":31}},"3":{"start":{"line":4,"column":27},"end":{"line":4,"column":50}},"4":{"start":{"line":5,"column":0},"end":{"line":5,"column":20}},"5":{"start":{"line":7,"column":26},"end":{"line":9,"column":1}},"6":{"start":{"line":8,"column":2},"end":{"line":8,"column":41}},"7":{"start":{"line":11,"column":25},"end":{"line":13,"column":1}},"8":{"start":{"line":12,"column":2},"end":{"line":12,"column":45}},"9":{"start":{"line":15,"column":27},"end":{"line":17,"column":1}},"10":{"start":{"line":16,"column":2},"end":{"line":16,"column":29}},"11":{"start":{"line":19,"column":21},"end":{"line":31,"column":1}},"12":{"start":{"line":20,"column":2},"end":{"line":30,"column":5}},"13":{"start":{"line":21,"column":4},"end":{"line":29,"column":7}},"14":{"start":{"line":28,"column":6},"end":{"line":28,"column":26}},"15":{"start":{"line":33,"column":25},"end":{"line":36,"column":1}},"16":{"start":{"line":34,"column":14},"end":{"line":34,"column":42}},"17":{"start":{"line":35,"column":2},"end":{"line":35,"column":13}},"18":{"start":{"line":38,"column":19},"end":{"line":43,"column":1}},"19":{"start":{"line":39,"column":20},"end":{"line":39,"column":52}},"20":{"start":{"line":40,"column":22},"end":{"line":40,"column":50}},"21":{"start":{"line":41,"column":17},"end":{"line":41,"column":81}},"22":{"start":{"line":42,"column":2},"end":{"line":42,"column":46}},"23":{"start":{"line":45,"column":19},"end":{"line":52,"column":1}},"24":{"start":{"line":46,"column":20},"end":{"line":46,"column":52}},"25":{"start":{"line":47,"column":22},"end":{"line":47,"column":50}},"26":{"start":{"line":49,"column":25},"end":{"line":49,"column":56}},"27":{"start":{"line":50,"column":17},"end":{"line":50,"column":81}},"28":{"start":{"line":51,"column":2},"end":{"line":51,"column":40}},"29":{"start":{"line":54,"column":23},"end":{"line":64,"column":1}},"30":{"start":{"line":55,"column":25},"end":{"line":55,"column":27}},"31":{"start":{"line":56,"column":2},"end":{"line":57,"column":47}},"32":{"start":{"line":56,"column":18},"end":{"line":56,"column":48}},"33":{"start":{"line":57,"column":7},"end":{"line":57,"column":47}},"34":{"start":{"line":59,"column":25},"end":{"line":59,"column":69}},"35":{"start":{"line":60,"column":2},"end":{"line":63,"column":4}},"36":{"start":{"line":66,"column":24},"end":{"line":77,"column":1}},"37":{"start":{"line":67,"column":21},"end":{"line":67,"column":23}},"38":{"start":{"line":68,"column":2},"end":{"line":68,"column":43}},"39":{"start":{"line":69,"column":2},"end":{"line":69,"column":62}},"40":{"start":{"line":70,"column":2},"end":{"line":75,"column":4}},"41":{"start":{"line":76,"column":2},"end":{"line":76,"column":20}},"42":{"start":{"line":79,"column":24},"end":{"line":82,"column":1}},"43":{"start":{"line":80,"column":25},"end":{"line":80,"column":65}},"44":{"start":{"line":81,"column":2},"end":{"line":81,"column":57}},"45":{"start":{"line":84,"column":25},"end":{"line":98,"column":1}},"46":{"start":{"line":85,"column":19},"end":{"line":85,"column":43}},"47":{"start":{"line":86,"column":23},"end":{"line":86,"column":42}},"48":{"start":{"line":87,"column":23},"end":{"line":87,"column":55}},"49":{"start":{"line":88,"column":18},"end":{"line":88,"column":63}},"50":{"start":{"line":89,"column":2},"end":{"line":89,"column":25}},"51":{"start":{"line":90,"column":2},"end":{"line":90,"column":30}},"52":{"start":{"line":91,"column":2},"end":{"line":91,"column":41}},"53":{"start":{"line":92,"column":2},"end":{"line":92,"column":47}},"54":{"start":{"line":93,"column":2},"end":{"line":96,"column":3}},"55":{"start":{"line":94,"column":4},"end":{"line":94,"column":43}},"56":{"start":{"line":95,"column":4},"end":{"line":95,"column":17}},"57":{"start":{"line":97,"column":2},"end":{"line":97,"column":14}},"58":{"start":{"line":100,"column":37},"end":{"line":105,"column":1}},"59":{"start":{"line":101,"column":15},"end":{"line":101,"column":17}},"60":{"start":{"line":102,"column":2},"end":{"line":103,"column":134}},"61":{"start":{"line":102,"column":14},"end":{"line":102,"column":65}},"62":{"start":{"line":103,"column":7},"end":{"line":103,"column":134}},"63":{"start":{"line":104,"column":2},"end":{"line":104,"column":33}},"64":{"start":{"line":107,"column":0},"end":{"line":119,"column":2}}},"fnMap":{"0":{"name":"(anonymous_0)","decl":{"start":{"line":7,"column":26},"end":{"line":7,"column":27}},"loc":{"start":{"line":7,"column":38},"end":{"line":9,"column":1}},"line":7},"1":{"name":"(anonymous_1)","decl":{"start":{"line":11,"column":25},"end":{"line":11,"column":26}},"loc":{"start":{"line":11,"column":39},"end":{"line":13,"column":1}},"line":11},"2":{"name":"(anonymous_2)","decl":{"start":{"line":15,"column":27},"end":{"line":15,"column":28}},"loc":{"start":{"line":15,"column":33},"end":{"line":17,"column":1}},"line":15},"3":{"name":"(anonymous_3)","decl":{"start":{"line":19,"column":21},"end":{"line":19,"column":22}},"loc":{"start":{"line":19,"column":35},"end":{"line":31,"column":1}},"line":19},"4":{"name":"(anonymous_4)","decl":{"start":{"line":20,"column":21},"end":{"line":20,"column":22}},"loc":{"start":{"line":20,"column":34},"end":{"line":30,"column":3}},"line":20},"5":{"name":"(anonymous_5)","decl":{"start":{"line":27,"column":7},"end":{"line":27,"column":8}},"loc":{"start":{"line":27,"column":23},"end":{"line":29,"column":5}},"line":27},"6":{"name":"(anonymous_6)","decl":{"start":{"line":33,"column":25},"end":{"line":33,"column":26}},"loc":{"start":{"line":33,"column":45},"end":{"line":36,"column":1}},"line":33},"7":{"name":"(anonymous_7)","decl":{"start":{"line":38,"column":19},"end":{"line":38,"column":20}},"loc":{"start":{"line":38,"column":51},"end":{"line":43,"column":1}},"line":38},"8":{"name":"(anonymous_8)","decl":{"start":{"line":45,"column":19},"end":{"line":45,"column":20}},"loc":{"start":{"line":45,"column":53},"end":{"line":52,"column":1}},"line":45},"9":{"name":"(anonymous_9)","decl":{"start":{"line":54,"column":23},"end":{"line":54,"column":24}},"loc":{"start":{"line":54,"column":55},"end":{"line":64,"column":1}},"line":54},"10":{"name":"(anonymous_10)","decl":{"start":{"line":66,"column":24},"end":{"line":66,"column":25}},"loc":{"start":{"line":66,"column":36},"end":{"line":77,"column":1}},"line":66},"11":{"name":"(anonymous_11)","decl":{"start":{"line":79,"column":24},"end":{"line":79,"column":25}},"loc":{"start":{"line":79,"column":58},"end":{"line":82,"column":1}},"line":79},"12":{"name":"(anonymous_12)","decl":{"start":{"line":84,"column":25},"end":{"line":84,"column":26}},"loc":{"start":{"line":84,"column":55},"end":{"line":98,"column":1}},"line":84},"13":{"name":"(anonymous_13)","decl":{"start":{"line":100,"column":37},"end":{"line":100,"column":38}},"loc":{"start":{"line":100,"column":68},"end":{"line":105,"column":1}},"line":100}},"branchMap":{"0":{"loc":{"start":{"line":56,"column":2},"end":{"line":57,"column":47}},"type":"if","locations":[{"start":{"line":56,"column":2},"end":{"line":57,"column":47}},{"start":{"line":56,"column":2},"end":{"line":57,"column":47}}],"line":56},"1":{"loc":{"start":{"line":93,"column":2},"end":{"line":96,"column":3}},"type":"if","locations":[{"start":{"line":93,"column":2},"end":{"line":96,"column":3}},{"start":{"line":93,"column":2},"end":{"line":96,"column":3}}],"line":93},"2":{"loc":{"start":{"line":102,"column":2},"end":{"line":103,"column":134}},"type":"if","locations":[{"start":{"line":102,"column":2},"end":{"line":103,"column":134}},{"start":{"line":102,"column":2},"end":{"line":103,"column":134}}],"line":102}},"s":{"0":1,"1":1,"2":1,"3":1,"4":1,"5":1,"6":10,"7":1,"8":13,"9":1,"10":1,"11":1,"12":8,"13":8,"14":8,"15":1,"16":8,"17":8,"18":1,"19":6,"20":6,"21":6,"22":6,"23":1,"24":2,"25":2,"26":2,"27":2,"28":2,"29":1,"30":6,"31":6,"32":6,"33":0,"34":6,"35":6,"36":1,"37":4,"38":4,"39":4,"40":4,"41":4,"42":1,"43":1,"44":1,"45":1,"46":0,"47":0,"48":0,"49":0,"50":0,"51":0,"52":0,"53":0,"54":0,"55":0,"56":0,"57":0,"58":1,"59":2,"60":2,"61":2,"62":0,"63":2,"64":1},"f":{"0":10,"1":13,"2":1,"3":8,"4":8,"5":8,"6":8,"7":6,"8":2,"9":6,"10":4,"11":1,"12":0,"13":2},"b":{"0":[6,0],"1":[0,0],"2":[2,0]},"_coverageSchema":"332fd63041d2c1bcb487cc26dd0d5f7d97098a6c","hash":"e8cb4cf4aec8698bd7f51b4d2622ac97400d233c"}
,"/Users/apple/Documents/ReactNative/Freelandcer/bitnation/pangea-cli/src/global.js": {"path":"/Users/apple/Documents/ReactNative/Freelandcer/bitnation/pangea-cli/src/global.js","statementMap":{"0":{"start":{"line":1,"column":0},"end":{"line":1,"column":33}}},"fnMap":{},"branchMap":{},"s":{"0":1},"f":{},"b":{},"_coverageSchema":"332fd63041d2c1bcb487cc26dd0d5f7d97098a6c","hash":"d09526f839b7b3c862ccaf4bbb67d9412c983f4b"}
,"/Users/apple/Documents/ReactNative/Freelandcer/bitnation/pangea-cli/src/handlefile.js": {"path":"/Users/apple/Documents/ReactNative/Freelandcer/bitnation/pangea-cli/src/handlefile.js","statementMap":{"0":{"start":{"line":1,"column":11},"end":{"line":1,"column":24}},"1":{"start":{"line":3,"column":24},"end":{"line":5,"column":1}},"2":{"start":{"line":4,"column":2},"end":{"line":4,"column":38}},"3":{"start":{"line":7,"column":29},"end":{"line":12,"column":1}},"4":{"start":{"line":8,"column":19},"end":{"line":8,"column":30}},"5":{"start":{"line":9,"column":12},"end":{"line":9,"column":31}},"6":{"start":{"line":10,"column":2},"end":{"line":10,"column":12}},"7":{"start":{"line":11,"column":2},"end":{"line":11,"column":23}},"8":{"start":{"line":14,"column":26},"end":{"line":26,"column":1}},"9":{"start":{"line":15,"column":23},"end":{"line":15,"column":41}},"10":{"start":{"line":16,"column":20},"end":{"line":16,"column":43}},"11":{"start":{"line":17,"column":20},"end":{"line":17,"column":43}},"12":{"start":{"line":19,"column":2},"end":{"line":24,"column":3}},"13":{"start":{"line":20,"column":4},"end":{"line":20,"column":21}},"14":{"start":{"line":21,"column":4},"end":{"line":21,"column":20}},"15":{"start":{"line":23,"column":4},"end":{"line":23,"column":21}},"16":{"start":{"line":25,"column":2},"end":{"line":25,"column":41}},"17":{"start":{"line":28,"column":20},"end":{"line":43,"column":1}},"18":{"start":{"line":29,"column":13},"end":{"line":29,"column":54}},"19":{"start":{"line":30,"column":15},"end":{"line":30,"column":17}},"20":{"start":{"line":31,"column":2},"end":{"line":32,"column":47}},"21":{"start":{"line":31,"column":12},"end":{"line":31,"column":31}},"22":{"start":{"line":32,"column":7},"end":{"line":32,"column":47}},"23":{"start":{"line":33,"column":2},"end":{"line":33,"column":25}},"24":{"start":{"line":34,"column":2},"end":{"line":34,"column":34}},"25":{"start":{"line":35,"column":2},"end":{"line":36,"column":30}},"26":{"start":{"line":35,"column":15},"end":{"line":35,"column":59}},"27":{"start":{"line":36,"column":7},"end":{"line":36,"column":30}},"28":{"start":{"line":37,"column":2},"end":{"line":42,"column":3}},"29":{"start":{"line":38,"column":4},"end":{"line":38,"column":83}},"30":{"start":{"line":39,"column":4},"end":{"line":39,"column":74}},"31":{"start":{"line":41,"column":4},"end":{"line":41,"column":47}},"32":{"start":{"line":45,"column":23},"end":{"line":54,"column":1}},"33":{"start":{"line":46,"column":19},"end":{"line":46,"column":34}},"34":{"start":{"line":47,"column":19},"end":{"line":47,"column":21}},"35":{"start":{"line":48,"column":2},"end":{"line":52,"column":3}},"36":{"start":{"line":49,"column":4},"end":{"line":49,"column":55}},"37":{"start":{"line":51,"column":4},"end":{"line":51,"column":52}},"38":{"start":{"line":53,"column":2},"end":{"line":53,"column":20}},"39":{"start":{"line":56,"column":0},"end":{"line":61,"column":2}}},"fnMap":{"0":{"name":"(anonymous_0)","decl":{"start":{"line":3,"column":24},"end":{"line":3,"column":25}},"loc":{"start":{"line":3,"column":34},"end":{"line":5,"column":1}},"line":3},"1":{"name":"(anonymous_1)","decl":{"start":{"line":7,"column":29},"end":{"line":7,"column":30}},"loc":{"start":{"line":7,"column":39},"end":{"line":12,"column":1}},"line":7},"2":{"name":"(anonymous_2)","decl":{"start":{"line":14,"column":26},"end":{"line":14,"column":27}},"loc":{"start":{"line":14,"column":39},"end":{"line":26,"column":1}},"line":14},"3":{"name":"(anonymous_3)","decl":{"start":{"line":28,"column":20},"end":{"line":28,"column":21}},"loc":{"start":{"line":28,"column":55},"end":{"line":43,"column":1}},"line":28},"4":{"name":"(anonymous_4)","decl":{"start":{"line":45,"column":23},"end":{"line":45,"column":24}},"loc":{"start":{"line":45,"column":37},"end":{"line":54,"column":1}},"line":45}},"branchMap":{"0":{"loc":{"start":{"line":19,"column":2},"end":{"line":24,"column":3}},"type":"if","locations":[{"start":{"line":19,"column":2},"end":{"line":24,"column":3}},{"start":{"line":19,"column":2},"end":{"line":24,"column":3}}],"line":19},"1":{"loc":{"start":{"line":31,"column":2},"end":{"line":32,"column":47}},"type":"if","locations":[{"start":{"line":31,"column":2},"end":{"line":32,"column":47}},{"start":{"line":31,"column":2},"end":{"line":32,"column":47}}],"line":31},"2":{"loc":{"start":{"line":35,"column":2},"end":{"line":36,"column":30}},"type":"if","locations":[{"start":{"line":35,"column":2},"end":{"line":36,"column":30}},{"start":{"line":35,"column":2},"end":{"line":36,"column":30}}],"line":35}},"s":{"0":1,"1":1,"2":0,"3":1,"4":0,"5":0,"6":0,"7":0,"8":1,"9":2,"10":2,"11":2,"12":2,"13":1,"14":1,"15":1,"16":2,"17":1,"18":0,"19":0,"20":0,"21":0,"22":0,"23":0,"24":0,"25":0,"26":0,"27":0,"28":0,"29":0,"30":0,"31":0,"32":1,"33":0,"34":0,"35":0,"36":0,"37":0,"38":0,"39":1},"f":{"0":0,"1":0,"2":2,"3":0,"4":0},"b":{"0":[1,1],"1":[0,0],"2":[0,0]},"_coverageSchema":"332fd63041d2c1bcb487cc26dd0d5f7d97098a6c","hash":"c813b9942ebf274a69b2302bad81bdbe852152d2"}
}
