TN:
SF:/Users/hoanghung/SourceTree/pangea-cli/src/general.js
FN:7,(anonymous_0)
FN:11,(anonymous_1)
FN:15,(anonymous_2)
FN:19,(anonymous_3)
FN:20,(anonymous_4)
FN:27,(anonymous_5)
FN:33,(anonymous_6)
FN:38,(anonymous_7)
FN:45,(anonymous_8)
FN:54,(anonymous_9)
FN:66,(anonymous_10)
FN:79,(anonymous_11)
FN:84,(anonymous_12)
FN:100,(anonymous_13)
FNF:14
FNH:13
FNDA:10,(anonymous_0)
FNDA:13,(anonymous_1)
FNDA:1,(anonymous_2)
FNDA:8,(anonymous_3)
FNDA:8,(anonymous_4)
FNDA:8,(anonymous_5)
FNDA:8,(anonymous_6)
FNDA:6,(anonymous_7)
FNDA:2,(anonymous_8)
FNDA:6,(anonymous_9)
FNDA:4,(anonymous_10)
FNDA:1,(anonymous_11)
FNDA:0,(anonymous_12)
FNDA:2,(anonymous_13)
DA:1,1
DA:2,1
DA:3,1
DA:4,1
DA:5,1
DA:7,1
DA:8,10
DA:11,1
DA:12,13
DA:15,1
DA:16,1
DA:19,1
DA:20,8
DA:21,8
DA:28,8
DA:33,1
DA:34,8
DA:35,8
DA:38,1
DA:39,6
DA:40,6
DA:41,6
DA:42,6
DA:45,1
DA:46,2
DA:47,2
DA:49,2
DA:50,2
DA:51,2
DA:54,1
DA:55,6
DA:56,6
DA:57,0
DA:59,6
DA:60,6
DA:66,1
DA:67,4
DA:68,4
DA:69,4
DA:70,4
DA:76,4
DA:79,1
DA:80,1
DA:81,1
DA:84,1
DA:85,0
DA:86,0
DA:87,0
DA:88,0
DA:89,0
DA:90,0
DA:91,0
DA:92,0
DA:93,0
DA:94,0
DA:95,0
DA:97,0
DA:100,1
DA:101,2
DA:102,2
DA:103,0
DA:104,2
DA:107,1
LF:63
LH:49
BRDA:56,0,0,6
BRDA:56,0,1,0
BRDA:93,1,0,0
BRDA:93,1,1,0
BRDA:102,2,0,2
BRDA:102,2,1,0
BRF:6
BRH:2
end_of_record
TN:
SF:/Users/hoanghung/SourceTree/pangea-cli/src/global.js
FNF:0
FNH:0
DA:1,1
LF:1
LH:1
BRF:0
BRH:0
end_of_record
TN:
SF:/Users/hoanghung/SourceTree/pangea-cli/src/handlefile.js
FN:3,(anonymous_0)
FN:7,(anonymous_1)
FN:14,(anonymous_2)
FN:28,(anonymous_3)
FN:45,(anonymous_4)
FNF:5
FNH:1
FNDA:0,(anonymous_0)
FNDA:0,(anonymous_1)
FNDA:2,(anonymous_2)
FNDA:0,(anonymous_3)
FNDA:0,(anonymous_4)
DA:1,1
DA:3,1
DA:4,0
DA:7,1
DA:8,0
DA:9,0
DA:10,0
DA:11,0
DA:14,1
DA:15,2
DA:16,2
DA:17,2
DA:19,2
DA:20,1
DA:21,1
DA:23,1
DA:25,2
DA:28,1
DA:29,0
DA:30,0
DA:31,0
DA:32,0
DA:33,0
DA:34,0
DA:35,0
DA:36,0
DA:37,0
DA:38,0
DA:39,0
DA:41,0
DA:45,1
DA:46,0
DA:47,0
DA:48,0
DA:49,0
DA:51,0
DA:53,0
DA:56,1
LF:38
LH:15
BRDA:19,0,0,1
BRDA:19,0,1,1
BRDA:31,1,0,0
BRDA:31,1,1,0
BRDA:35,2,0,0
BRDA:35,2,1,0
BRF:6
BRH:2
end_of_record
